0 info it worked if it ends with ok
1 verbose cli [ 'C:\\Program Files\\nodejs\\node.exe',
1 verbose cli   'C:\\Program Files\\nodejs\\node_modules\\npm\\bin\\npm-cli.js',
1 verbose cli   'run',
1 verbose cli   'build' ]
2 info using npm@3.10.10
3 info using node@v6.11.4
4 verbose run-script [ 'prebuild', 'build', 'postbuild' ]
5 info lifecycle cv@1.0.0~prebuild: cv@1.0.0
6 silly lifecycle cv@1.0.0~prebuild: no script for prebuild, continuing
7 info lifecycle cv@1.0.0~build: cv@1.0.0
8 verbose lifecycle cv@1.0.0~build: unsafe-perm in lifecycle true
9 verbose lifecycle cv@1.0.0~build: PATH: C:\Program Files\nodejs\node_modules\npm\bin\node-gyp-bin;C:\xampp\htdocs\prokazi\vuejsfiles\node_modules\.bin;C:\Program Files\Microsoft MPI\Bin\;C:\ProgramData\Oracle\Java\javapath;C:\Program Files (x86)\Intel\iCLS Client\;C:\Program Files\Intel\iCLS Client\;C:\WINDOWS\system32;C:\WINDOWS;C:\WINDOWS\System32\Wbem;C:\WINDOWS\System32\WindowsPowerShell\v1.0\;C:\Program Files (x86)\Intel\Intel(R) Management Engine Components\DAL;C:\Program Files\Intel\Intel(R) Management Engine Components\DAL;C:\Program Files (x86)\Intel\Intel(R) Management Engine Components\IPT;C:\Program Files\Intel\Intel(R) Management Engine Components\IPT;C:\Program Files\Git\cmd;C:\Program Files\nodejs\;C:\xampp\php;C:\ProgramData\ComposerSetup\bin;C:\Program Files (x86)\Yarn\bin;C:\Program Files\Microsoft SQL Server\120\Tools\Binn\;C:\Program Files\Microsoft SQL Server\Client SDK\ODBC\110\Tools\Binn\;C:\Program Files (x86)\Microsoft SQL Server\120\Tools\Binn\;C:\Program Files\Microsoft SQL Server\120\DTS\Binn\;C:\Program Files (x86)\Microsoft SQL Server\120\Tools\Binn\ManagementStudio\;C:\Program Files (x86)\Microsoft SQL Server\120\DTS\Binn\;C:\Program Files\PuTTY\;C:\Program Files\dotnet\;C:\Program Files\Microsoft SQL Server\130\Tools\Binn\;C:\Users\HP\AppData\Roaming\npm;C:\Users\HP\AppData\Roaming\Composer\vendor\bin;C:\Users\HP\AppData\Local\Yarn\bin;%USERPROFILE%\AppData\Local\Microsoft\WindowsApps;
10 verbose lifecycle cv@1.0.0~build: CWD: C:\xampp\htdocs\prokazi\vuejsfiles
11 silly lifecycle cv@1.0.0~build: Args: [ '/d /s /c',
11 silly lifecycle   'cross-env NODE_ENV=production webpack --progress --hide-modules' ]
12 silly lifecycle cv@1.0.0~build: Returned: code: 2  signal: null
13 info lifecycle cv@1.0.0~build: Failed to exec build script
14 verbose stack Error: cv@1.0.0 build: `cross-env NODE_ENV=production webpack --progress --hide-modules`
14 verbose stack Exit status 2
14 verbose stack     at EventEmitter.<anonymous> (C:\Program Files\nodejs\node_modules\npm\lib\utils\lifecycle.js:255:16)
14 verbose stack     at emitTwo (events.js:106:13)
14 verbose stack     at EventEmitter.emit (events.js:191:7)
14 verbose stack     at ChildProcess.<anonymous> (C:\Program Files\nodejs\node_modules\npm\lib\utils\spawn.js:40:14)
14 verbose stack     at emitTwo (events.js:106:13)
14 verbose stack     at ChildProcess.emit (events.js:191:7)
14 verbose stack     at maybeClose (internal/child_process.js:920:16)
14 verbose stack     at Process.ChildProcess._handle.onexit (internal/child_process.js:230:5)
15 verbose pkgid cv@1.0.0
16 verbose cwd C:\xampp\htdocs\prokazi\vuejsfiles
17 error Windows_NT 10.0.15063
18 error argv "C:\\Program Files\\nodejs\\node.exe" "C:\\Program Files\\nodejs\\node_modules\\npm\\bin\\npm-cli.js" "run" "build"
19 error node v6.11.4
20 error npm  v3.10.10
21 error code ELIFECYCLE
22 error cv@1.0.0 build: `cross-env NODE_ENV=production webpack --progress --hide-modules`
22 error Exit status 2
23 error Failed at the cv@1.0.0 build script 'cross-env NODE_ENV=production webpack --progress --hide-modules'.
23 error Make sure you have the latest version of node.js and npm installed.
23 error If you do, this is most likely a problem with the cv package,
23 error not with npm itself.
23 error Tell the author that this fails on your system:
23 error     cross-env NODE_ENV=production webpack --progress --hide-modules
23 error You can get information on how to open an issue for this project with:
23 error     npm bugs cv
23 error Or if that isn't available, you can get their info via:
23 error     npm owner ls cv
23 error There is likely additional logging output above.
24 verbose exit [ 1, true ]
